2025-03-26 20:42:19 [main] INFO  io.swagger.Swagger2SpringBoot - Starting Swagger2SpringBoot on anastasia-IdeaPad-Gaming-3-15ARH05 with PID 39253 (/home/anastasia/Desktop/lab6/target/classes started by anastasia in /home/anastasia/Desktop/lab6)
2025-03-26 20:42:19 [main] DEBUG io.swagger.Swagger2SpringBoot - Running with Spring Boot v2.1.16.RELEASE, Spring v5.1.17.RELEASE
2025-03-26 20:42:19 [main] INFO  io.swagger.Swagger2SpringBoot - No active profile set, falling back to default profiles: default
2025-03-26 20:42:20 [main] INFO  o.s.d.r.c.RepositoryConfigurationDelegate - Bootstrapping Spring Data JPA repositories in DEFAULT mode.
2025-03-26 20:42:20 [main] INFO  o.s.d.r.c.RepositoryConfigurationDelegate - Finished Spring Data repository scanning in 103ms. Found 1 JPA repository interfaces.
2025-03-26 20:42:21 [main] INFO  o.s.b.w.e.tomcat.TomcatWebServer - Tomcat initialized with port(s): 8080 (http)
2025-03-26 20:42:21 [main] INFO  o.a.coyote.http11.Http11NioProtocol - Initializing ProtocolHandler ["http-nio-8080"]
2025-03-26 20:42:21 [main] INFO  o.a.catalina.core.StandardService - Starting service [Tomcat]
2025-03-26 20:42:21 [main] INFO  o.a.catalina.core.StandardEngine - Starting Servlet engine: [Apache Tomcat/9.0.37]
2025-03-26 20:42:21 [main] INFO  o.a.c.c.C.[Tomcat].[localhost].[/] - Initializing Spring embedded WebApplicationContext
2025-03-26 20:42:21 [main] INFO  o.s.web.context.ContextLoader - Root WebApplicationContext: initialization completed in 1879 ms
2025-03-26 20:42:21 [main] INFO  com.zaxxer.hikari.HikariDataSource - HikariPool-1 - Starting...
2025-03-26 20:42:22 [main] ERROR com.zaxxer.hikari.pool.HikariPool - HikariPool-1 - Exception during pool initialization.
org.postgresql.util.PSQLException: FATAL: password authentication failed for user "postgres"
	at org.postgresql.core.v3.ConnectionFactoryImpl.doAuthentication(ConnectionFactoryImpl.java:613)
	at org.postgresql.core.v3.ConnectionFactoryImpl.tryConnect(ConnectionFactoryImpl.java:161)
	at org.postgresql.core.v3.ConnectionFactoryImpl.openConnectionImpl(ConnectionFactoryImpl.java:213)
	at org.postgresql.core.ConnectionFactory.openConnection(ConnectionFactory.java:51)
	at org.postgresql.jdbc.PgConnection.<init>(PgConnection.java:223)
	at org.postgresql.Driver.makeConnection(Driver.java:465)
	at org.postgresql.Driver.connect(Driver.java:264)
	at com.zaxxer.hikari.util.DriverDataSource.getConnection(DriverDataSource.java:136)
	at com.zaxxer.hikari.pool.PoolBase.newConnection(PoolBase.java:369)
	at com.zaxxer.hikari.pool.PoolBase.newPoolEntry(PoolBase.java:198)
	at com.zaxxer.hikari.pool.HikariPool.createPoolEntry(HikariPool.java:467)
	at com.zaxxer.hikari.pool.HikariPool.checkFailFast(HikariPool.java:541)
	at com.zaxxer.hikari.pool.HikariPool.<init>(HikariPool.java:115)
	at com.zaxxer.hikari.HikariDataSource.getConnection(HikariDataSource.java:112)
	at liquibase.integration.spring.SpringLiquibase.afterPropertiesSet(SpringLiquibase.java:272)
	at org.springframework.beans.factory.support.AbstractAutowireCapableBeanFactory.invokeInitMethods(AbstractAutowireCapableBeanFactory.java:1828)
	at org.springframework.beans.factory.support.AbstractAutowireCapableBeanFactory.initializeBean(AbstractAutowireCapableBeanFactory.java:1765)
	at org.springframework.beans.factory.support.AbstractAutowireCapableBeanFactory.doCreateBean(AbstractAutowireCapableBeanFactory.java:592)
	at org.springframework.beans.factory.support.AbstractAutowireCapableBeanFactory.createBean(AbstractAutowireCapableBeanFactory.java:514)
	at org.springframework.beans.factory.support.AbstractBeanFactory.lambda$doGetBean$0(AbstractBeanFactory.java:321)
	at org.springframework.beans.factory.support.DefaultSingletonBeanRegistry.getSingleton(DefaultSingletonBeanRegistry.java:226)
	at org.springframework.beans.factory.support.AbstractBeanFactory.doGetBean(AbstractBeanFactory.java:319)
	at org.springframework.beans.factory.support.AbstractBeanFactory.getBean(AbstractBeanFactory.java:199)
	at org.springframework.beans.factory.support.AbstractBeanFactory.doGetBean(AbstractBeanFactory.java:308)
	at org.springframework.beans.factory.support.AbstractBeanFactory.getBean(AbstractBeanFactory.java:199)
	at org.springframework.context.support.AbstractApplicationContext.getBean(AbstractApplicationContext.java:1106)
	at org.springframework.context.support.AbstractApplicationContext.finishBeanFactoryInitialization(AbstractApplicationContext.java:868)
	at org.springframework.context.support.AbstractApplicationContext.refresh(AbstractApplicationContext.java:550)
	at org.springframework.boot.web.servlet.context.ServletWebServerApplicationContext.refresh(ServletWebServerApplicationContext.java:141)
	at org.springframework.boot.SpringApplication.refresh(SpringApplication.java:744)
	at org.springframework.boot.SpringApplication.refreshContext(SpringApplication.java:391)
	at org.springframework.boot.SpringApplication.run(SpringApplication.java:312)
	at io.swagger.Swagger2SpringBoot.main(Swagger2SpringBoot.java:31)
2025-03-26 20:42:22 [main] WARN  o.s.b.w.s.c.AnnotationConfigServletWebServerApplicationContext - Exception encountered during context initialization - cancelling refresh attempt: org.springframework.beans.factory.BeanCreationException: Error creating bean with name 'liquibase' defined in class path resource [org/springframework/boot/autoconfigure/liquibase/LiquibaseAutoConfiguration$LiquibaseConfiguration.class]: Invocation of init method failed; nested exception is liquibase.exception.DatabaseException: org.postgresql.util.PSQLException: FATAL: password authentication failed for user "postgres"
2025-03-26 20:42:22 [main] INFO  o.a.catalina.core.StandardService - Stopping service [Tomcat]
2025-03-26 20:42:22 [main] INFO  o.s.b.a.l.ConditionEvaluationReportLoggingListener - 

Error starting ApplicationContext. To display the conditions report re-run your application with 'debug' enabled.
2025-03-26 20:42:22 [main] ERROR o.s.boot.SpringApplication - Application run failed
org.springframework.beans.factory.BeanCreationException: Error creating bean with name 'liquibase' defined in class path resource [org/springframework/boot/autoconfigure/liquibase/LiquibaseAutoConfiguration$LiquibaseConfiguration.class]: Invocation of init method failed; nested exception is liquibase.exception.DatabaseException: org.postgresql.util.PSQLException: FATAL: password authentication failed for user "postgres"
	at org.springframework.beans.factory.support.AbstractAutowireCapableBeanFactory.initializeBean(AbstractAutowireCapableBeanFactory.java:1769)
	at org.springframework.beans.factory.support.AbstractAutowireCapableBeanFactory.doCreateBean(AbstractAutowireCapableBeanFactory.java:592)
	at org.springframework.beans.factory.support.AbstractAutowireCapableBeanFactory.createBean(AbstractAutowireCapableBeanFactory.java:514)
	at org.springframework.beans.factory.support.AbstractBeanFactory.lambda$doGetBean$0(AbstractBeanFactory.java:321)
	at org.springframework.beans.factory.support.DefaultSingletonBeanRegistry.getSingleton(DefaultSingletonBeanRegistry.java:226)
	at org.springframework.beans.factory.support.AbstractBeanFactory.doGetBean(AbstractBeanFactory.java:319)
	at org.springframework.beans.factory.support.AbstractBeanFactory.getBean(AbstractBeanFactory.java:199)
	at org.springframework.beans.factory.support.AbstractBeanFactory.doGetBean(AbstractBeanFactory.java:308)
	at org.springframework.beans.factory.support.AbstractBeanFactory.getBean(AbstractBeanFactory.java:199)
	at org.springframework.context.support.AbstractApplicationContext.getBean(AbstractApplicationContext.java:1106)
	at org.springframework.context.support.AbstractApplicationContext.finishBeanFactoryInitialization(AbstractApplicationContext.java:868)
	at org.springframework.context.support.AbstractApplicationContext.refresh(AbstractApplicationContext.java:550)
	at org.springframework.boot.web.servlet.context.ServletWebServerApplicationContext.refresh(ServletWebServerApplicationContext.java:141)
	at org.springframework.boot.SpringApplication.refresh(SpringApplication.java:744)
	at org.springframework.boot.SpringApplication.refreshContext(SpringApplication.java:391)
	at org.springframework.boot.SpringApplication.run(SpringApplication.java:312)
	at io.swagger.Swagger2SpringBoot.main(Swagger2SpringBoot.java:31)
Caused by: liquibase.exception.DatabaseException: org.postgresql.util.PSQLException: FATAL: password authentication failed for user "postgres"
	at liquibase.integration.spring.SpringLiquibase.afterPropertiesSet(SpringLiquibase.java:277)
	at org.springframework.beans.factory.support.AbstractAutowireCapableBeanFactory.invokeInitMethods(AbstractAutowireCapableBeanFactory.java:1828)
	at org.springframework.beans.factory.support.AbstractAutowireCapableBeanFactory.initializeBean(AbstractAutowireCapableBeanFactory.java:1765)
	... 16 common frames omitted
Caused by: org.postgresql.util.PSQLException: FATAL: password authentication failed for user "postgres"
	at org.postgresql.core.v3.ConnectionFactoryImpl.doAuthentication(ConnectionFactoryImpl.java:613)
	at org.postgresql.core.v3.ConnectionFactoryImpl.tryConnect(ConnectionFactoryImpl.java:161)
	at org.postgresql.core.v3.ConnectionFactoryImpl.openConnectionImpl(ConnectionFactoryImpl.java:213)
	at org.postgresql.core.ConnectionFactory.openConnection(ConnectionFactory.java:51)
	at org.postgresql.jdbc.PgConnection.<init>(PgConnection.java:223)
	at org.postgresql.Driver.makeConnection(Driver.java:465)
	at org.postgresql.Driver.connect(Driver.java:264)
	at com.zaxxer.hikari.util.DriverDataSource.getConnection(DriverDataSource.java:136)
	at com.zaxxer.hikari.pool.PoolBase.newConnection(PoolBase.java:369)
	at com.zaxxer.hikari.pool.PoolBase.newPoolEntry(PoolBase.java:198)
	at com.zaxxer.hikari.pool.HikariPool.createPoolEntry(HikariPool.java:467)
	at com.zaxxer.hikari.pool.HikariPool.checkFailFast(HikariPool.java:541)
	at com.zaxxer.hikari.pool.HikariPool.<init>(HikariPool.java:115)
	at com.zaxxer.hikari.HikariDataSource.getConnection(HikariDataSource.java:112)
	at liquibase.integration.spring.SpringLiquibase.afterPropertiesSet(SpringLiquibase.java:272)
	... 18 common frames omitted
2025-03-26 20:42:50 [main] INFO  io.swagger.Swagger2SpringBoot - Starting Swagger2SpringBoot on anastasia-IdeaPad-Gaming-3-15ARH05 with PID 39339 (/home/anastasia/Desktop/lab6/target/classes started by anastasia in /home/anastasia/Desktop/lab6)
2025-03-26 20:42:50 [main] DEBUG io.swagger.Swagger2SpringBoot - Running with Spring Boot v2.1.16.RELEASE, Spring v5.1.17.RELEASE
2025-03-26 20:42:50 [main] INFO  io.swagger.Swagger2SpringBoot - No active profile set, falling back to default profiles: default
2025-03-26 20:42:51 [main] INFO  o.s.d.r.c.RepositoryConfigurationDelegate - Bootstrapping Spring Data JPA repositories in DEFAULT mode.
2025-03-26 20:42:51 [main] INFO  o.s.d.r.c.RepositoryConfigurationDelegate - Finished Spring Data repository scanning in 99ms. Found 1 JPA repository interfaces.
2025-03-26 20:42:52 [main] INFO  o.s.b.w.e.tomcat.TomcatWebServer - Tomcat initialized with port(s): 8080 (http)
2025-03-26 20:42:52 [main] INFO  o.a.coyote.http11.Http11NioProtocol - Initializing ProtocolHandler ["http-nio-8080"]
2025-03-26 20:42:52 [main] INFO  o.a.catalina.core.StandardService - Starting service [Tomcat]
2025-03-26 20:42:52 [main] INFO  o.a.catalina.core.StandardEngine - Starting Servlet engine: [Apache Tomcat/9.0.37]
2025-03-26 20:42:52 [main] INFO  o.a.c.c.C.[Tomcat].[localhost].[/] - Initializing Spring embedded WebApplicationContext
2025-03-26 20:42:52 [main] INFO  o.s.web.context.ContextLoader - Root WebApplicationContext: initialization completed in 1915 ms
2025-03-26 20:42:52 [main] INFO  com.zaxxer.hikari.HikariDataSource - HikariPool-1 - Starting...
2025-03-26 20:42:54 [main] ERROR com.zaxxer.hikari.pool.HikariPool - HikariPool-1 - Exception during pool initialization.
org.postgresql.util.PSQLException: FATAL: password authentication failed for user "postgres"
	at org.postgresql.core.v3.ConnectionFactoryImpl.doAuthentication(ConnectionFactoryImpl.java:613)
	at org.postgresql.core.v3.ConnectionFactoryImpl.tryConnect(ConnectionFactoryImpl.java:161)
	at org.postgresql.core.v3.ConnectionFactoryImpl.openConnectionImpl(ConnectionFactoryImpl.java:213)
	at org.postgresql.core.ConnectionFactory.openConnection(ConnectionFactory.java:51)
	at org.postgresql.jdbc.PgConnection.<init>(PgConnection.java:223)
	at org.postgresql.Driver.makeConnection(Driver.java:465)
	at org.postgresql.Driver.connect(Driver.java:264)
	at com.zaxxer.hikari.util.DriverDataSource.getConnection(DriverDataSource.java:136)
	at com.zaxxer.hikari.pool.PoolBase.newConnection(PoolBase.java:369)
	at com.zaxxer.hikari.pool.PoolBase.newPoolEntry(PoolBase.java:198)
	at com.zaxxer.hikari.pool.HikariPool.createPoolEntry(HikariPool.java:467)
	at com.zaxxer.hikari.pool.HikariPool.checkFailFast(HikariPool.java:541)
	at com.zaxxer.hikari.pool.HikariPool.<init>(HikariPool.java:115)
	at com.zaxxer.hikari.HikariDataSource.getConnection(HikariDataSource.java:112)
	at liquibase.integration.spring.SpringLiquibase.afterPropertiesSet(SpringLiquibase.java:272)
	at org.springframework.beans.factory.support.AbstractAutowireCapableBeanFactory.invokeInitMethods(AbstractAutowireCapableBeanFactory.java:1828)
	at org.springframework.beans.factory.support.AbstractAutowireCapableBeanFactory.initializeBean(AbstractAutowireCapableBeanFactory.java:1765)
	at org.springframework.beans.factory.support.AbstractAutowireCapableBeanFactory.doCreateBean(AbstractAutowireCapableBeanFactory.java:592)
	at org.springframework.beans.factory.support.AbstractAutowireCapableBeanFactory.createBean(AbstractAutowireCapableBeanFactory.java:514)
	at org.springframework.beans.factory.support.AbstractBeanFactory.lambda$doGetBean$0(AbstractBeanFactory.java:321)
	at org.springframework.beans.factory.support.DefaultSingletonBeanRegistry.getSingleton(DefaultSingletonBeanRegistry.java:226)
	at org.springframework.beans.factory.support.AbstractBeanFactory.doGetBean(AbstractBeanFactory.java:319)
	at org.springframework.beans.factory.support.AbstractBeanFactory.getBean(AbstractBeanFactory.java:199)
	at org.springframework.beans.factory.support.AbstractBeanFactory.doGetBean(AbstractBeanFactory.java:308)
	at org.springframework.beans.factory.support.AbstractBeanFactory.getBean(AbstractBeanFactory.java:199)
	at org.springframework.context.support.AbstractApplicationContext.getBean(AbstractApplicationContext.java:1106)
	at org.springframework.context.support.AbstractApplicationContext.finishBeanFactoryInitialization(AbstractApplicationContext.java:868)
	at org.springframework.context.support.AbstractApplicationContext.refresh(AbstractApplicationContext.java:550)
	at org.springframework.boot.web.servlet.context.ServletWebServerApplicationContext.refresh(ServletWebServerApplicationContext.java:141)
	at org.springframework.boot.SpringApplication.refresh(SpringApplication.java:744)
	at org.springframework.boot.SpringApplication.refreshContext(SpringApplication.java:391)
	at org.springframework.boot.SpringApplication.run(SpringApplication.java:312)
	at io.swagger.Swagger2SpringBoot.main(Swagger2SpringBoot.java:31)
2025-03-26 20:42:54 [main] WARN  o.s.b.w.s.c.AnnotationConfigServletWebServerApplicationContext - Exception encountered during context initialization - cancelling refresh attempt: org.springframework.beans.factory.BeanCreationException: Error creating bean with name 'liquibase' defined in class path resource [org/springframework/boot/autoconfigure/liquibase/LiquibaseAutoConfiguration$LiquibaseConfiguration.class]: Invocation of init method failed; nested exception is liquibase.exception.DatabaseException: org.postgresql.util.PSQLException: FATAL: password authentication failed for user "postgres"
2025-03-26 20:42:54 [main] INFO  o.a.catalina.core.StandardService - Stopping service [Tomcat]
2025-03-26 20:42:54 [main] INFO  o.s.b.a.l.ConditionEvaluationReportLoggingListener - 

Error starting ApplicationContext. To display the conditions report re-run your application with 'debug' enabled.
2025-03-26 20:42:54 [main] ERROR o.s.boot.SpringApplication - Application run failed
org.springframework.beans.factory.BeanCreationException: Error creating bean with name 'liquibase' defined in class path resource [org/springframework/boot/autoconfigure/liquibase/LiquibaseAutoConfiguration$LiquibaseConfiguration.class]: Invocation of init method failed; nested exception is liquibase.exception.DatabaseException: org.postgresql.util.PSQLException: FATAL: password authentication failed for user "postgres"
	at org.springframework.beans.factory.support.AbstractAutowireCapableBeanFactory.initializeBean(AbstractAutowireCapableBeanFactory.java:1769)
	at org.springframework.beans.factory.support.AbstractAutowireCapableBeanFactory.doCreateBean(AbstractAutowireCapableBeanFactory.java:592)
	at org.springframework.beans.factory.support.AbstractAutowireCapableBeanFactory.createBean(AbstractAutowireCapableBeanFactory.java:514)
	at org.springframework.beans.factory.support.AbstractBeanFactory.lambda$doGetBean$0(AbstractBeanFactory.java:321)
	at org.springframework.beans.factory.support.DefaultSingletonBeanRegistry.getSingleton(DefaultSingletonBeanRegistry.java:226)
	at org.springframework.beans.factory.support.AbstractBeanFactory.doGetBean(AbstractBeanFactory.java:319)
	at org.springframework.beans.factory.support.AbstractBeanFactory.getBean(AbstractBeanFactory.java:199)
	at org.springframework.beans.factory.support.AbstractBeanFactory.doGetBean(AbstractBeanFactory.java:308)
	at org.springframework.beans.factory.support.AbstractBeanFactory.getBean(AbstractBeanFactory.java:199)
	at org.springframework.context.support.AbstractApplicationContext.getBean(AbstractApplicationContext.java:1106)
	at org.springframework.context.support.AbstractApplicationContext.finishBeanFactoryInitialization(AbstractApplicationContext.java:868)
	at org.springframework.context.support.AbstractApplicationContext.refresh(AbstractApplicationContext.java:550)
	at org.springframework.boot.web.servlet.context.ServletWebServerApplicationContext.refresh(ServletWebServerApplicationContext.java:141)
	at org.springframework.boot.SpringApplication.refresh(SpringApplication.java:744)
	at org.springframework.boot.SpringApplication.refreshContext(SpringApplication.java:391)
	at org.springframework.boot.SpringApplication.run(SpringApplication.java:312)
	at io.swagger.Swagger2SpringBoot.main(Swagger2SpringBoot.java:31)
Caused by: liquibase.exception.DatabaseException: org.postgresql.util.PSQLException: FATAL: password authentication failed for user "postgres"
	at liquibase.integration.spring.SpringLiquibase.afterPropertiesSet(SpringLiquibase.java:277)
	at org.springframework.beans.factory.support.AbstractAutowireCapableBeanFactory.invokeInitMethods(AbstractAutowireCapableBeanFactory.java:1828)
	at org.springframework.beans.factory.support.AbstractAutowireCapableBeanFactory.initializeBean(AbstractAutowireCapableBeanFactory.java:1765)
	... 16 common frames omitted
Caused by: org.postgresql.util.PSQLException: FATAL: password authentication failed for user "postgres"
	at org.postgresql.core.v3.ConnectionFactoryImpl.doAuthentication(ConnectionFactoryImpl.java:613)
	at org.postgresql.core.v3.ConnectionFactoryImpl.tryConnect(ConnectionFactoryImpl.java:161)
	at org.postgresql.core.v3.ConnectionFactoryImpl.openConnectionImpl(ConnectionFactoryImpl.java:213)
	at org.postgresql.core.ConnectionFactory.openConnection(ConnectionFactory.java:51)
	at org.postgresql.jdbc.PgConnection.<init>(PgConnection.java:223)
	at org.postgresql.Driver.makeConnection(Driver.java:465)
	at org.postgresql.Driver.connect(Driver.java:264)
	at com.zaxxer.hikari.util.DriverDataSource.getConnection(DriverDataSource.java:136)
	at com.zaxxer.hikari.pool.PoolBase.newConnection(PoolBase.java:369)
	at com.zaxxer.hikari.pool.PoolBase.newPoolEntry(PoolBase.java:198)
	at com.zaxxer.hikari.pool.HikariPool.createPoolEntry(HikariPool.java:467)
	at com.zaxxer.hikari.pool.HikariPool.checkFailFast(HikariPool.java:541)
	at com.zaxxer.hikari.pool.HikariPool.<init>(HikariPool.java:115)
	at com.zaxxer.hikari.HikariDataSource.getConnection(HikariDataSource.java:112)
	at liquibase.integration.spring.SpringLiquibase.afterPropertiesSet(SpringLiquibase.java:272)
	... 18 common frames omitted
2025-03-26 20:43:04 [main] INFO  i.s.api.CommentsApiControllerTest - Starting CommentsApiControllerTest on anastasia-IdeaPad-Gaming-3-15ARH05 with PID 39454 (started by anastasia in /home/anastasia/Desktop/lab6)
2025-03-26 20:43:04 [main] DEBUG i.s.api.CommentsApiControllerTest - Running with Spring Boot v2.1.16.RELEASE, Spring v5.1.17.RELEASE
2025-03-26 20:43:04 [main] INFO  i.s.api.CommentsApiControllerTest - No active profile set, falling back to default profiles: default
2025-03-26 20:43:06 [main] INFO  o.s.s.c.ThreadPoolTaskExecutor - Initializing ExecutorService 'applicationTaskExecutor'
2025-03-26 20:43:06 [main] INFO  o.s.b.t.m.w.SpringBootMockServletContext - Initializing Spring TestDispatcherServlet ''
2025-03-26 20:43:06 [main] INFO  o.s.t.w.s.TestDispatcherServlet - Initializing Servlet ''
2025-03-26 20:43:06 [main] INFO  o.s.t.w.s.TestDispatcherServlet - Completed initialization in 11 ms
2025-03-26 20:43:06 [main] INFO  i.s.api.CommentsApiControllerTest - Started CommentsApiControllerTest in 2.341 seconds (JVM running for 3.322)
2025-03-26 20:43:06 [main] INFO  io.swagger.api.CommentsApiController - Получен запрос на удаление комментария с ID: 1
2025-03-26 20:43:06 [main] DEBUG io.swagger.api.CommentsApiController - Запрос на удаление комментария с ID 1 успешно обработан
2025-03-26 20:43:06 [main] INFO  io.swagger.api.CommentsApiController - Получен запрос на получение комментария по ID: 1
2025-03-26 20:43:06 [main] DEBUG io.swagger.api.CommentsApiController - Запрос на получение комментария успешно обработан: content=Test content, author=Test author
2025-03-26 20:43:07 [main] INFO  io.swagger.api.CommentsApiController - Получен запрос на создание комментария: content=Test content, author=Test author
2025-03-26 20:43:07 [main] DEBUG io.swagger.api.CommentsApiController - Запрос на создание комментария успешно обработан, ID: 1
2025-03-26 20:43:07 [main] INFO  io.swagger.api.CommentsApiController - Получен запрос на обновление комментария с ID: 1
2025-03-26 20:43:07 [main] DEBUG io.swagger.api.CommentsApiController - Запрос на обновление комментария успешно обработан: content=Updated content, author=Updated author
2025-03-26 20:43:07 [Thread-1] INFO  o.s.s.c.ThreadPoolTaskExecutor - Shutting down ExecutorService 'applicationTaskExecutor'
2025-03-26 20:48:17 [main] INFO  i.s.api.CommentsApiControllerTest - Starting CommentsApiControllerTest on anastasia-IdeaPad-Gaming-3-15ARH05 with PID 39844 (started by anastasia in /home/anastasia/Desktop/lab6)
2025-03-26 20:48:17 [main] DEBUG i.s.api.CommentsApiControllerTest - Running with Spring Boot v2.1.16.RELEASE, Spring v5.1.17.RELEASE
2025-03-26 20:48:17 [main] INFO  i.s.api.CommentsApiControllerTest - No active profile set, falling back to default profiles: default
2025-03-26 20:48:19 [main] INFO  o.s.s.c.ThreadPoolTaskExecutor - Initializing ExecutorService 'applicationTaskExecutor'
2025-03-26 20:48:19 [main] INFO  o.s.b.t.m.w.SpringBootMockServletContext - Initializing Spring TestDispatcherServlet ''
2025-03-26 20:48:19 [main] INFO  o.s.t.w.s.TestDispatcherServlet - Initializing Servlet ''
2025-03-26 20:48:19 [main] INFO  o.s.t.w.s.TestDispatcherServlet - Completed initialization in 11 ms
2025-03-26 20:48:19 [main] INFO  i.s.api.CommentsApiControllerTest - Started CommentsApiControllerTest in 2.346 seconds (JVM running for 3.263)
2025-03-26 20:48:19 [main] INFO  io.swagger.api.CommentsApiController - Получен запрос на удаление комментария с ID: 1
2025-03-26 20:48:19 [main] DEBUG io.swagger.api.CommentsApiController - Запрос на удаление комментария с ID 1 успешно обработан
2025-03-26 20:48:19 [main] INFO  io.swagger.api.CommentsApiController - Получен запрос на получение комментария по ID: 1
2025-03-26 20:48:19 [main] DEBUG io.swagger.api.CommentsApiController - Запрос на получение комментария успешно обработан: content=Test content, author=Test author
2025-03-26 20:48:19 [main] INFO  io.swagger.api.CommentsApiController - Получен запрос на создание комментария: content=Test content, author=Test author
2025-03-26 20:48:19 [main] DEBUG io.swagger.api.CommentsApiController - Запрос на создание комментария успешно обработан, ID: 1
2025-03-26 20:48:20 [main] INFO  io.swagger.api.CommentsApiController - Получен запрос на обновление комментария с ID: 1
2025-03-26 20:48:20 [main] DEBUG io.swagger.api.CommentsApiController - Запрос на обновление комментария успешно обработан: content=Updated content, author=Updated author
2025-03-26 20:48:20 [Thread-1] INFO  o.s.s.c.ThreadPoolTaskExecutor - Shutting down ExecutorService 'applicationTaskExecutor'
2025-03-26 20:57:56 [main] INFO  i.s.api.CommentsApiControllerTest - Starting CommentsApiControllerTest on anastasia-IdeaPad-Gaming-3-15ARH05 with PID 40614 (started by anastasia in /home/anastasia/Desktop/lab6)
2025-03-26 20:57:56 [main] DEBUG i.s.api.CommentsApiControllerTest - Running with Spring Boot v2.1.16.RELEASE, Spring v5.1.17.RELEASE
2025-03-26 20:57:56 [main] INFO  i.s.api.CommentsApiControllerTest - No active profile set, falling back to default profiles: default
2025-03-26 20:57:57 [main] INFO  o.s.s.c.ThreadPoolTaskExecutor - Initializing ExecutorService 'applicationTaskExecutor'
2025-03-26 20:57:57 [main] INFO  o.s.b.t.m.w.SpringBootMockServletContext - Initializing Spring TestDispatcherServlet ''
2025-03-26 20:57:57 [main] INFO  o.s.t.w.s.TestDispatcherServlet - Initializing Servlet ''
2025-03-26 20:57:57 [main] INFO  o.s.t.w.s.TestDispatcherServlet - Completed initialization in 11 ms
2025-03-26 20:57:57 [main] INFO  i.s.api.CommentsApiControllerTest - Started CommentsApiControllerTest in 2.398 seconds (JVM running for 3.25)
2025-03-26 20:57:58 [main] INFO  io.swagger.api.CommentsApiController - Получен запрос на удаление комментария с ID: 1
2025-03-26 20:57:58 [main] DEBUG io.swagger.api.CommentsApiController - Запрос на удаление комментария с ID 1 успешно обработан
2025-03-26 20:57:58 [main] INFO  io.swagger.api.CommentsApiController - Получен запрос на получение комментария по ID: 1
2025-03-26 20:57:58 [main] DEBUG io.swagger.api.CommentsApiController - Запрос на получение комментария успешно обработан: content=Test content, author=Test author
2025-03-26 20:57:58 [main] INFO  io.swagger.api.CommentsApiController - Получен запрос на создание комментария: content=Test content, author=Test author
2025-03-26 20:57:58 [main] DEBUG io.swagger.api.CommentsApiController - Запрос на создание комментария успешно обработан, ID: 1
2025-03-26 20:57:58 [main] INFO  io.swagger.api.CommentsApiController - Получен запрос на обновление комментария с ID: 1
2025-03-26 20:57:58 [main] DEBUG io.swagger.api.CommentsApiController - Запрос на обновление комментария успешно обработан: content=Updated content, author=Updated author
2025-03-26 20:57:58 [Thread-1] INFO  o.s.s.c.ThreadPoolTaskExecutor - Shutting down ExecutorService 'applicationTaskExecutor'
2025-03-26 21:05:48 [main] INFO  i.s.api.CommentsApiControllerTest - Starting CommentsApiControllerTest on anastasia-IdeaPad-Gaming-3-15ARH05 with PID 41183 (started by anastasia in /home/anastasia/Desktop/lab6)
2025-03-26 21:05:48 [main] DEBUG i.s.api.CommentsApiControllerTest - Running with Spring Boot v2.1.16.RELEASE, Spring v5.1.17.RELEASE
2025-03-26 21:05:48 [main] INFO  i.s.api.CommentsApiControllerTest - No active profile set, falling back to default profiles: default
2025-03-26 21:05:49 [main] INFO  o.s.s.c.ThreadPoolTaskExecutor - Initializing ExecutorService 'applicationTaskExecutor'
2025-03-26 21:05:50 [main] INFO  o.s.b.t.m.w.SpringBootMockServletContext - Initializing Spring TestDispatcherServlet ''
2025-03-26 21:05:50 [main] INFO  o.s.t.w.s.TestDispatcherServlet - Initializing Servlet ''
2025-03-26 21:05:50 [main] INFO  o.s.t.w.s.TestDispatcherServlet - Completed initialization in 10 ms
2025-03-26 21:05:50 [main] INFO  i.s.api.CommentsApiControllerTest - Started CommentsApiControllerTest in 2.117 seconds (JVM running for 3.068)
2025-03-26 21:05:50 [main] INFO  io.swagger.api.CommentsApiController - Получен запрос на удаление комментария с ID: 1
2025-03-26 21:05:50 [main] DEBUG io.swagger.api.CommentsApiController - Запрос на удаление комментария с ID 1 успешно обработан
2025-03-26 21:05:50 [main] INFO  io.swagger.api.CommentsApiController - Получен запрос на обновление комментария с ID: 999
2025-03-26 21:05:50 [main] ERROR io.swagger.api.CommentsApiController - Ошибка при обновлении комментария с ID 999: null
2025-03-26 21:05:50 [main] INFO  io.swagger.api.CommentsApiController - Получен запрос на получение комментария по ID: 1
2025-03-26 21:05:50 [main] DEBUG io.swagger.api.CommentsApiController - Запрос на получение комментария успешно обработан: content=Test content, author=Test author
2025-03-26 21:05:50 [main] INFO  io.swagger.api.CommentsApiController - Получен запрос на создание комментария: content=Test content, author=Test author
2025-03-26 21:05:50 [main] ERROR io.swagger.api.CommentsApiController - Ошибка при создании комментария: Create error
2025-03-26 21:05:50 [main] INFO  io.swagger.api.CommentsApiController - Получен запрос на создание комментария: content=Test content, author=Test author
2025-03-26 21:05:50 [main] DEBUG io.swagger.api.CommentsApiController - Запрос на создание комментария успешно обработан, ID: 1
2025-03-26 21:05:50 [main] INFO  io.swagger.api.CommentsApiController - Получен запрос на обновление комментария с ID: 1
2025-03-26 21:05:50 [main] DEBUG io.swagger.api.CommentsApiController - Запрос на обновление комментария успешно обработан: content=Updated content, author=Updated author
2025-03-26 21:05:50 [main] INFO  io.swagger.api.CommentsApiController - Получен запрос на получение комментария по ID: 999
2025-03-26 21:05:50 [main] ERROR io.swagger.api.CommentsApiController - Ошибка при получении комментария с ID 999: null
2025-03-26 21:05:50 [main] INFO  io.swagger.api.CommentsApiController - Получен запрос на удаление комментария с ID: 1
2025-03-26 21:05:50 [main] ERROR io.swagger.api.CommentsApiController - Ошибка при удалении комментария с ID 1: Delete error
2025-03-26 21:05:50 [Thread-1] INFO  o.s.s.c.ThreadPoolTaskExecutor - Shutting down ExecutorService 'applicationTaskExecutor'
